<?xml version="1.0" encoding="UTF-8"?>
<!-- Generated by org.testng.reporters.JUnitXMLReporter -->
<testsuite hostname="user-PC" ignored="3" name="Test(failed)(failed)" tests="1" failures="0" timestamp="22 Aug 2018 18:23:48 GMT" time="98.937" errors="0">
  <testcase name="launchAndPlayHiddenValleyGame" time="84.835" classname="scripts.TestHomePage"/>
  <testcase name="openGameRules" time="0.0" classname="scripts.TestHomePage">
    <ignored/>
  </testcase> <!-- openGameRules -->
  <testcase name="closeGameRules" time="0.0" classname="scripts.TestHomePage">
    <ignored/>
  </testcase> <!-- closeGameRules -->
  <testcase name="clickOnHomePageLogo" time="0.0" classname="scripts.TestHomePage">
    <ignored/>
  </testcase> <!-- clickOnHomePageLogo -->
</testsuite> <!-- Test(failed)(failed) -->
