<?xml version="1.0" encoding="UTF-8"?>
<!-- Generated by org.testng.reporters.JUnitXMLReporter -->
<testsuite hostname="user-PC" ignored="3" name="Test(failed)" tests="1" failures="1" timestamp="22 Aug 2018 18:19:38 GMT" time="60.889" errors="0">
  <testcase name="launchAndPlayHiddenValleyGame" time="46.973" classname="scripts.TestHomePage">
    <failure type="java.lang.NumberFormatException" message="empty String">
      <![CDATA[java.lang.NumberFormatException: empty Stringat sun.misc.FloatingDecimal.readJavaFormatString(FloatingDecimal.java:1842)at sun.misc.FloatingDecimal.parseFloat(FloatingDecimal.java:122)at java.lang.Float.parseFloat(Float.java:451)at java.lang.Float.valueOf(Float.java:416)at pompages.HiddenValleyGamePage.checkBalance(HiddenValleyGamePage.java:129)at scripts.TestHomePage.launchAndPlayHiddenValleyGame(TestHomePage.java:47)... Removed 25 stack frames]]>
    </failure>
  </testcase> <!-- launchAndPlayHiddenValleyGame -->
  <testcase name="openGameRules" time="0.0" classname="scripts.TestHomePage">
    <ignored/>
  </testcase> <!-- openGameRules -->
  <testcase name="closeGameRules" time="0.0" classname="scripts.TestHomePage">
    <ignored/>
  </testcase> <!-- closeGameRules -->
  <testcase name="clickOnHomePageLogo" time="0.0" classname="scripts.TestHomePage">
    <ignored/>
  </testcase> <!-- clickOnHomePageLogo -->
</testsuite> <!-- Test(failed) -->
